<?xml version="1.0" encoding="UTF-8"?>
<!-- Generated by org.testng.reporters.JUnitReportReporter -->
<testsuite hostname="Nikhil-PC" name="com.testng.framework.testscripts.TestFunction" tests="1" failures="0" timestamp="6 Dec 2019 12:23:31 GMT" time="0.000" errors="0">
  <testcase name="test" time="0.000" classname="com.testng.framework.testscripts.TestFunction"/>
</testsuite> <!-- com.testng.framework.testscripts.TestFunction -->
